[2025-02-13T09:28:43.034613+00:00] sync.ERROR: The slots for Hopeful Hopper could not be retrieved : Error fetching data from http://localhost:2137/api/doctors/7/slots [] []
[2025-02-13T09:28:43.652695+00:00] sync.ERROR: The slots for Friendly Swirles could not be retrieved : Error fetching data from http://localhost:2137/api/doctors/13/slots [] []
[2025-02-13T09:28:44.105747+00:00] sync.ERROR: The slots for Gracious Solomon could not be retrieved : Error fetching data from http://localhost:2137/api/doctors/17/slots [] []
[2025-02-13T09:28:45.099154+00:00] sync.ERROR: The slots for Wizardly Dhawan could not be retrieved : Error fetching data from http://localhost:2137/api/doctors/23/slots [] []
[2025-02-13T09:29:03.975124+00:00] sync.ERROR: The slots for Hopeful Hopper could not be retrieved : Error fetching data from http://localhost:2137/api/doctors/7/slots [] []
[2025-02-13T09:29:04.549863+00:00] sync.ERROR: The slots for Friendly Swirles could not be retrieved : Error fetching data from http://localhost:2137/api/doctors/13/slots [] []
[2025-02-13T09:29:04.996012+00:00] sync.ERROR: The slots for Gracious Solomon could not be retrieved : Error fetching data from http://localhost:2137/api/doctors/17/slots [] []
[2025-02-13T09:29:05.956551+00:00] sync.ERROR: The slots for Wizardly Dhawan could not be retrieved : Error fetching data from http://localhost:2137/api/doctors/23/slots [] []
[2025-02-13T09:45:43.281278+00:00] sync.ERROR: The slots for Hopeful Hopper could not be retrieved : Error fetching data from http://localhost:2137/api/doctors/7/slots [] []
[2025-02-13T09:45:43.878522+00:00] sync.ERROR: The slots for Friendly Swirles could not be retrieved : Error fetching data from http://localhost:2137/api/doctors/13/slots [] []
[2025-02-13T09:45:44.319123+00:00] sync.ERROR: The slots for Gracious Solomon could not be retrieved : Error fetching data from http://localhost:2137/api/doctors/17/slots [] []
[2025-02-13T09:45:45.309786+00:00] sync.ERROR: The slots for Wizardly Dhawan could not be retrieved : Error fetching data from http://localhost:2137/api/doctors/23/slots [] []
[2025-02-13T09:54:59.508769+00:00] sync.ERROR: The slots for Hopeful Hopper could not be retrieved : Error fetching data from http://localhost:2137/api/doctors/7/slots [] []
[2025-02-13T09:55:00.123098+00:00] sync.ERROR: The slots for Friendly Swirles could not be retrieved : Error fetching data from http://localhost:2137/api/doctors/13/slots [] []
[2025-02-13T09:55:00.584259+00:00] sync.ERROR: The slots for Gracious Solomon could not be retrieved : Error fetching data from http://localhost:2137/api/doctors/17/slots [] []
[2025-02-13T09:55:01.575340+00:00] sync.ERROR: The slots for Wizardly Dhawan could not be retrieved : Error fetching data from http://localhost:2137/api/doctors/23/slots [] []
[2025-02-13T09:55:46.933012+00:00] sync.ERROR: The slots for Hopeful Hopper could not be retrieved : Error fetching data from http://localhost:2137/api/doctors/7/slots [] []
[2025-02-13T09:55:47.566008+00:00] sync.ERROR: The slots for Friendly Swirles could not be retrieved : Error fetching data from http://localhost:2137/api/doctors/13/slots [] []
[2025-02-13T09:55:48.033065+00:00] sync.ERROR: The slots for Gracious Solomon could not be retrieved : Error fetching data from http://localhost:2137/api/doctors/17/slots [] []
[2025-02-13T09:55:49.024194+00:00] sync.ERROR: The slots for Wizardly Dhawan could not be retrieved : Error fetching data from http://localhost:2137/api/doctors/23/slots [] []
[2025-02-13T16:04:46.271183+00:00] sync.ERROR: The slots for Hopeful Hopper could not be retrieved : Error fetching data from http://localhost:2137/api/doctors/7/slots [] []
[2025-02-13T16:04:47.151258+00:00] sync.ERROR: The slots for Friendly Swirles could not be retrieved : Error fetching data from http://localhost:2137/api/doctors/13/slots [] []
[2025-02-13T16:04:47.756180+00:00] sync.ERROR: The slots for Gracious Solomon could not be retrieved : Error fetching data from http://localhost:2137/api/doctors/17/slots [] []
[2025-02-13T16:04:49.273316+00:00] sync.ERROR: The slots for Wizardly Dhawan could not be retrieved : Error fetching data from http://localhost:2137/api/doctors/23/slots [] []
[2025-02-13T16:15:36.812266+00:00] sync.ERROR: The slots for Hopeful Hopper could not be retrieved : Error fetching data from http://localhost:2137/api/doctors/7/slots [] []
[2025-02-13T16:15:37.584718+00:00] sync.ERROR: The slots for Friendly Swirles could not be retrieved : Error fetching data from http://localhost:2137/api/doctors/13/slots [] []
[2025-02-13T16:15:38.147766+00:00] sync.ERROR: The slots for Gracious Solomon could not be retrieved : Error fetching data from http://localhost:2137/api/doctors/17/slots [] []
[2025-02-13T16:15:39.430779+00:00] sync.ERROR: The slots for Wizardly Dhawan could not be retrieved : Error fetching data from http://localhost:2137/api/doctors/23/slots [] []
[2025-02-17T17:28:42.133549+00:00] sync.ERROR: The slots for Hopeful Hopper could not be retrieved : Error fetching data from http://localhost:2137/api/doctors/7/slots [] []
[2025-02-17T17:28:42.854245+00:00] sync.ERROR: The slots for Friendly Swirles could not be retrieved : Error fetching data from http://localhost:2137/api/doctors/13/slots [] []
[2025-02-17T17:28:43.296247+00:00] sync.ERROR: The slots for Gracious Solomon could not be retrieved : Error fetching data from http://localhost:2137/api/doctors/17/slots [] []
[2025-02-17T17:28:44.293333+00:00] sync.ERROR: The slots for Wizardly Dhawan could not be retrieved : Error fetching data from http://localhost:2137/api/doctors/23/slots [] []
[2025-02-17T17:28:53.889732+00:00] sync.ERROR: Error getting Doctor from endpoint : Error fetching data from http://localhost:2137/api/doctors [] []
[2025-02-17T17:29:32.432563+00:00] sync.ERROR: Error getting Doctor from endpoint : Error fetching data from http://localhost:2137/api/doctors [] []
[2025-02-17T23:47:26.339554+00:00] sync.ERROR: Error getting Doctor from endpoint : Error fetching data from http://localhost:2137/api/doctors [] []
[2025-02-17T23:50:07.219107+00:00] sync.ERROR: Error getting Doctor from endpoint : Error fetching data from http://localhost:2137/api/doctors [] []
[2025-02-18T00:11:54.273465+00:00] sync.ERROR: Error getting Doctor from endpoint : Error fetching data from http://localhost:2137/api/doctors [] []
[2025-02-18T01:12:31.845087+00:00] sync.ERROR: Error getting Doctor from endpoint : Error fetching data from http://localhost:2137/api/doctors [] []
[2025-02-18T01:12:41.791696+00:00] sync.ERROR: The slots for Hopeful Hopper could not be retrieved : Error fetching data from http://localhost:2137/api/doctors/7/slots [] []
[2025-02-18T01:12:42.436848+00:00] sync.ERROR: The slots for Friendly Swirles could not be retrieved : Error fetching data from http://localhost:2137/api/doctors/13/slots [] []
[2025-02-18T01:12:42.903981+00:00] sync.ERROR: The slots for Gracious Solomon could not be retrieved : Error fetching data from http://localhost:2137/api/doctors/17/slots [] []
[2025-02-18T01:12:43.964582+00:00] sync.ERROR: The slots for Wizardly Dhawan could not be retrieved : Error fetching data from http://localhost:2137/api/doctors/23/slots [] []
